<?xml version="1.0" encoding="UTF-8"?>
<!-- Generated by org.testng.reporters.JUnitReportReporter -->
<testsuite hostname="DESKTOP-6HMUFGV" failures="0" tests="1" name="testRunner.TestRunner" time="50.112" errors="0" timestamp="2025-08-13T15:28:19 IST" skipped="0">
  <testcase classname="testRunner.TestRunner" name="runScenario" time="50.112"/>
  <system-out/>
</testsuite> <!-- testRunner.TestRunner -->
