<?xml version="1.0" encoding="UTF-8"?>
<!-- Generated by org.testng.reporters.JUnitReportReporter -->
<testsuite hostname="DESKTOP-6HMUFGV" failures="0" tests="1" name="testcases.Flipkarttest" time="12.536" errors="0" timestamp="2025-08-11T12:58:34 IST" skipped="0">
  <testcase classname="testcases.Flipkarttest" name="runOnSauceLabs" time="12.536"/>
  <system-out/>
</testsuite> <!-- testcases.Flipkarttest -->
