<?xml version="1.0" encoding="UTF-8"?>
<!-- Generated by org.testng.reporters.JUnitReportReporter -->
<testsuite hostname="DESKTOP-6HMUFGV" failures="0" tests="5" name="testRunner.TestRunner" time="230.240" errors="0" timestamp="2025-08-11T12:52:45 IST" skipped="0">
  <testcase classname="testRunner.TestRunner" name="runScenario" time="22.006"/>
  <system-out/>
  <testcase classname="testRunner.TestRunner" name="runScenario" time="33.444"/>
  <system-out/>
  <testcase classname="testRunner.TestRunner" name="runScenario" time="28.753"/>
  <system-out/>
  <testcase classname="testRunner.TestRunner" name="runScenario" time="120.601"/>
  <system-out/>
  <testcase classname="testRunner.TestRunner" name="runScenario" time="25.436"/>
  <system-out/>
</testsuite> <!-- testRunner.TestRunner -->
