<?xml version="1.0" encoding="UTF-8"?>
<!-- Generated by org.testng.reporters.JUnitReportReporter -->
<testsuite hostname="DESKTOP-6HMUFGV" failures="0" tests="5" name="testcases.FlipkartSearchTest" time="12.056" errors="0" timestamp="2025-07-11T11:15:11 IST" skipped="0">
  <testcase classname="testcases.FlipkartSearchTest" name="searchMobile" time="2.167"/>
  <system-out/>
  <testcase classname="testcases.FlipkartSearchTest" name="filterClick" time="5.248"/>
  <system-out/>
  <testcase classname="testcases.FlipkartSearchTest" name="resultClick" time="2.921"/>
  <system-out/>
  <testcase classname="testcases.FlipkartSearchTest" name="addToCartClick" time="0.112"/>
  <system-out/>
  <testcase classname="testcases.FlipkartSearchTest" name="placeOrderClick" time="1.608"/>
  <system-out/>
</testsuite> <!-- testcases.FlipkartSearchTest -->
